

Started GET "/assets/rails.png" for 127.0.0.1 at 2014-11-17 19:15:59 +0200
Connecting to database specified by database.yml
Served asset /rails.png - 200 OK (36ms)


Started GET "/assets/rails.png" for 127.0.0.1 at 2014-11-17 20:46:48 +0200
Served asset /rails.png - 304 Not Modified (0ms)


Started GET "/assets/rails.png" for 127.0.0.1 at 2014-11-17 20:47:12 +0200
Served asset /rails.png - 304 Not Modified (0ms)


Started GET "/rails/info/properties" for 127.0.0.1 at 2014-11-17 20:53:52 +0200
Processing by Rails::InfoController#properties as */*
  Rendered inline template (19.0ms)
Completed 200 OK in 112.0ms (Views: 112.0ms | ActiveRecord: 0.0ms)


Started GET "/assets/rails.png" for 127.0.0.1 at 2014-11-17 21:04:22 +0200

NoMethodError (undefined method `resoursces' for main:Object):
  config/routes.rb:79:in `<top (required)>'


  Rendered c:/RailsInstaller/Ruby1.9.3/lib/ruby/gems/1.9.1/gems/actionpack-3.2.19/lib/action_dispatch/middleware/templates/rescues/_trace.erb (2.0ms)
  Rendered c:/RailsInstaller/Ruby1.9.3/lib/ruby/gems/1.9.1/gems/actionpack-3.2.19/lib/action_dispatch/middleware/templates/rescues/_request_and_response.erb (1.0ms)
  Rendered c:/RailsInstaller/Ruby1.9.3/lib/ruby/gems/1.9.1/gems/actionpack-3.2.19/lib/action_dispatch/middleware/templates/rescues/diagnostics.erb within rescues/layout (45.0ms)


Started GET "/rails/info/properties" for 127.0.0.1 at 2014-11-17 21:04:23 +0200
Processing by Rails::InfoController#properties as */*
  Rendered inline template (0.0ms)
Completed 200 OK in 1.0ms (Views: 1.0ms | ActiveRecord: 0.0ms)


Started GET "/rails/info/properties" for 127.0.0.1 at 2014-11-17 21:04:47 +0200
Processing by Rails::InfoController#properties as */*
  Rendered inline template (0.0ms)
Completed 200 OK in 1.0ms (Views: 1.0ms | ActiveRecord: 0.0ms)


Started GET "/assets/rails.png" for 127.0.0.1 at 2014-11-17 21:16:56 +0200
Served asset /rails.png - 200 OK (0ms)


Started GET "/assets/rails.png" for 127.0.0.1 at 2014-11-17 21:18:50 +0200
Served asset /rails.png - 304 Not Modified (0ms)


Started GET "/assets/rails.png" for 127.0.0.1 at 2014-11-17 21:31:53 +0200
Served asset /rails.png - 304 Not Modified (0ms)


Started GET "/assets/rails.png" for 127.0.0.1 at 2014-11-17 21:33:23 +0200
Served asset /rails.png - 304 Not Modified (0ms)


Started GET "/assets/rails.png" for 127.0.0.1 at 2014-11-17 21:34:24 +0200
Served asset /rails.png - 304 Not Modified (0ms)
